<?xml version="1.0" encoding="UTF-8"?>
<!-- Generated by org.testng.reporters.JUnitReportReporter -->
<testsuite hostname="DESKTOP-16K4T19" failures="0" tests="2" name="TestCases.VerifyLoginPage1" time="46.281" errors="0" timestamp="2023-02-24T22:03:07 IST" skipped="0">
  <testcase classname="TestCases.VerifyLoginPage1" name="login1" time="24.554"/>
  <system-out/>
  <testcase classname="TestCases.VerifyLoginPage1" name="login1" time="21.727"/>
  <system-out/>
</testsuite> <!-- TestCases.VerifyLoginPage1 -->
